ERROR:root:FIXME: unimplemented - put('list','a sequence of things created by us'
ERROR:root:FIXME: Unimplemented - get('list')
ERROR:root:FIXME: Unimplementer - delete('coca')
INFO:root:Constructing Parser
INFO:root:Constructing Parser
DEBUG:root:Constructing put subparser
INFO:root:Constructing Parser
DEBUG:root:Constructing put subparser
INFO:root:Constructing Parser
DEBUG:root:Constructing put subparser
INFO:root:Constructing Parser
DEBUG:root:Constructing put subparser
INFO:root:Constructing Parser
DEBUG:root:Constructing put subparser
DEBUG:root:Constructing get subparser
INFO:root:Constructing Parser
DEBUG:root:Constructing put subparser
DEBUG:root:Constructing get subparser
INFO:root:Constructing Parser
DEBUG:root:Constructing put subparser
DEBUG:root:Constructing get subparser
INFO:root:Constructing Parser
DEBUG:root:Constructing put subparser
DEBUG:root:Constructing get subparser
INFO:root:Constructing Parser
DEBUG:root:Constructing put subparser
DEBUG:root:Constructing get subparser
INFO:root:Constructing Parser
DEBUG:root:Constructing put subparser
DEBUG:root:Constructing get subparser
INFO:root:Constructing Parser
DEBUG:root:Constructing put subparser
DEBUG:root:Constructing get subparser
INFO:root:Constructing Parser
DEBUG:root:Constructing put subparser
DEBUG:root:Constructing get subparser
INFO:root:Constructing Parser
DEBUG:root:Constructing put subparser
DEBUG:root:Constructing get subparser
INFO:root:Constructing Parser
DEBUG:root:Constructing put subparser
DEBUG:root:Constructing get subparser
ERROR:root:FIXME: unimplemented - put('algo','algo mas raro')
ERROR:root:FIXME: unimplemented - put('algo','algo mas raro')
ERROR:root:FIXME: Unimplemented - get('algo')
INFO:root:Constructing Parser
DEBUG:root:Constructing put subparser
DEBUG:root:Constructing get subparser
INFO:root:Constructing Parser
DEBUG:root:Constructing put subparser
DEBUG:root:Constructing get subparser
ERROR:root:FIXME: unimplemented - put('prueba','prueba de snippet')
